{"C:\\Users\\nikit\\OneDrive\\Рабочий стол\\code\\front2\\frontend-project-lvl2\\src\\index.js": {"path":"C:\\Users\\nikit\\OneDrive\\Рабочий стол\\code\\front2\\frontend-project-lvl2\\src\\index.js","statementMap":{"0":{"start":{"line":7,"column":16},"end":{"line":17,"column":1}},"1":{"start":{"line":8,"column":23},"end":{"line":8,"column":42}},"2":{"start":{"line":9,"column":23},"end":{"line":9,"column":42}},"3":{"start":{"line":11,"column":22},"end":{"line":11,"column":63}},"4":{"start":{"line":12,"column":22},"end":{"line":12,"column":63}},"5":{"start":{"line":14,"column":15},"end":{"line":14,"column":49}},"6":{"start":{"line":16,"column":2},"end":{"line":16,"column":34}}},"fnMap":{"0":{"name":"(anonymous_0)","decl":{"start":{"line":7,"column":16},"end":{"line":7,"column":17}},"loc":{"start":{"line":7,"column":66},"end":{"line":17,"column":1}},"line":7}},"branchMap":{"0":{"loc":{"start":{"line":7,"column":39},"end":{"line":7,"column":61}},"type":"default-arg","locations":[{"start":{"line":7,"column":52},"end":{"line":7,"column":61}}],"line":7}},"s":{"0":1,"1":1,"2":0,"3":0,"4":0,"5":0,"6":0},"f":{"0":1},"b":{"0":[1]},"_coverageSchema":"1a1c01bbd47fc00a2c39e90264f33305004495a9","hash":"f54573551e0d3b6d8657e3ba6577f7699ec5bc09"}
,"C:\\Users\\nikit\\OneDrive\\Рабочий стол\\code\\front2\\frontend-project-lvl2\\src\\makeTree.js": {"path":"C:\\Users\\nikit\\OneDrive\\Рабочий стол\\code\\front2\\frontend-project-lvl2\\src\\makeTree.js","statementMap":{"0":{"start":{"line":5,"column":13},"end":{"line":52,"column":1}},"1":{"start":{"line":6,"column":16},"end":{"line":6,"column":34}},"2":{"start":{"line":7,"column":16},"end":{"line":7,"column":34}},"3":{"start":{"line":8,"column":21},"end":{"line":8,"column":48}},"4":{"start":{"line":10,"column":17},"end":{"line":49,"column":4}},"5":{"start":{"line":11,"column":19},"end":{"line":11,"column":29}},"6":{"start":{"line":12,"column":19},"end":{"line":12,"column":29}},"7":{"start":{"line":14,"column":4},"end":{"line":20,"column":5}},"8":{"start":{"line":15,"column":6},"end":{"line":19,"column":8}},"9":{"start":{"line":21,"column":4},"end":{"line":27,"column":5}},"10":{"start":{"line":22,"column":6},"end":{"line":26,"column":8}},"11":{"start":{"line":28,"column":4},"end":{"line":34,"column":5}},"12":{"start":{"line":29,"column":6},"end":{"line":33,"column":8}},"13":{"start":{"line":35,"column":4},"end":{"line":42,"column":5}},"14":{"start":{"line":36,"column":6},"end":{"line":41,"column":8}},"15":{"start":{"line":44,"column":4},"end":{"line":48,"column":6}},"16":{"start":{"line":51,"column":2},"end":{"line":51,"column":16}},"17":{"start":{"line":54,"column":17},"end":{"line":54,"column":83}},"18":{"start":{"line":54,"column":36},"end":{"line":54,"column":82}}},"fnMap":{"0":{"name":"(anonymous_0)","decl":{"start":{"line":5,"column":13},"end":{"line":5,"column":14}},"loc":{"start":{"line":5,"column":31},"end":{"line":52,"column":1}},"line":5},"1":{"name":"(anonymous_1)","decl":{"start":{"line":10,"column":32},"end":{"line":10,"column":33}},"loc":{"start":{"line":10,"column":41},"end":{"line":49,"column":3}},"line":10},"2":{"name":"(anonymous_2)","decl":{"start":{"line":54,"column":17},"end":{"line":54,"column":18}},"loc":{"start":{"line":54,"column":36},"end":{"line":54,"column":82}},"line":54}},"branchMap":{"0":{"loc":{"start":{"line":14,"column":4},"end":{"line":20,"column":5}},"type":"if","locations":[{"start":{"line":14,"column":4},"end":{"line":20,"column":5}},{"start":{},"end":{}}],"line":14},"1":{"loc":{"start":{"line":14,"column":8},"end":{"line":14,"column":68}},"type":"binary-expr","locations":[{"start":{"line":14,"column":8},"end":{"line":14,"column":36}},{"start":{"line":14,"column":40},"end":{"line":14,"column":68}}],"line":14},"2":{"loc":{"start":{"line":21,"column":4},"end":{"line":27,"column":5}},"type":"if","locations":[{"start":{"line":21,"column":4},"end":{"line":27,"column":5}},{"start":{},"end":{}}],"line":21},"3":{"loc":{"start":{"line":28,"column":4},"end":{"line":34,"column":5}},"type":"if","locations":[{"start":{"line":28,"column":4},"end":{"line":34,"column":5}},{"start":{},"end":{}}],"line":28},"4":{"loc":{"start":{"line":35,"column":4},"end":{"line":42,"column":5}},"type":"if","locations":[{"start":{"line":35,"column":4},"end":{"line":42,"column":5}},{"start":{},"end":{}}],"line":35}},"s":{"0":1,"1":0,"2":0,"3":0,"4":0,"5":0,"6":0,"7":0,"8":0,"9":0,"10":0,"11":0,"12":0,"13":0,"14":0,"15":0,"16":0,"17":1,"18":0},"f":{"0":0,"1":0,"2":0},"b":{"0":[0,0],"1":[0,0],"2":[0,0],"3":[0,0],"4":[0,0]},"_coverageSchema":"1a1c01bbd47fc00a2c39e90264f33305004495a9","hash":"38d08cb0f7361ff90a9d624bbecf633e81519efb"}
,"C:\\Users\\nikit\\OneDrive\\Рабочий стол\\code\\front2\\frontend-project-lvl2\\src\\parse.js": {"path":"C:\\Users\\nikit\\OneDrive\\Рабочий стол\\code\\front2\\frontend-project-lvl2\\src\\parse.js","statementMap":{"0":{"start":{"line":3,"column":14},"end":{"line":14,"column":1}},"1":{"start":{"line":4,"column":2},"end":{"line":13,"column":3}},"2":{"start":{"line":6,"column":6},"end":{"line":6,"column":30}},"3":{"start":{"line":8,"column":6},"end":{"line":8,"column":24}},"4":{"start":{"line":10,"column":6},"end":{"line":10,"column":24}},"5":{"start":{"line":12,"column":6},"end":{"line":12,"column":67}}},"fnMap":{"0":{"name":"(anonymous_0)","decl":{"start":{"line":3,"column":14},"end":{"line":3,"column":15}},"loc":{"start":{"line":3,"column":36},"end":{"line":14,"column":1}},"line":3}},"branchMap":{"0":{"loc":{"start":{"line":4,"column":2},"end":{"line":13,"column":3}},"type":"switch","locations":[{"start":{"line":5,"column":4},"end":{"line":6,"column":30}},{"start":{"line":7,"column":4},"end":{"line":8,"column":24}},{"start":{"line":9,"column":4},"end":{"line":10,"column":24}},{"start":{"line":11,"column":4},"end":{"line":12,"column":67}}],"line":4}},"s":{"0":1,"1":0,"2":0,"3":0,"4":0,"5":0},"f":{"0":0},"b":{"0":[0,0,0,0]},"_coverageSchema":"1a1c01bbd47fc00a2c39e90264f33305004495a9","hash":"aaf34d724248561cbb8037c3a19b8d1e26bec2f7"}
,"C:\\Users\\nikit\\OneDrive\\Рабочий стол\\code\\front2\\frontend-project-lvl2\\src\\formatters\\index.js": {"path":"C:\\Users\\nikit\\OneDrive\\Рабочий стол\\code\\front2\\frontend-project-lvl2\\src\\formatters\\index.js","statementMap":{"0":{"start":{"line":5,"column":15},"end":{"line":19,"column":1}},"1":{"start":{"line":6,"column":2},"end":{"line":18,"column":3}},"2":{"start":{"line":8,"column":6},"end":{"line":8,"column":27}},"3":{"start":{"line":11,"column":6},"end":{"line":11,"column":25}},"4":{"start":{"line":14,"column":6},"end":{"line":14,"column":24}},"5":{"start":{"line":17,"column":6},"end":{"line":17,"column":77}}},"fnMap":{"0":{"name":"(anonymous_0)","decl":{"start":{"line":5,"column":15},"end":{"line":5,"column":16}},"loc":{"start":{"line":5,"column":37},"end":{"line":19,"column":1}},"line":5}},"branchMap":{"0":{"loc":{"start":{"line":6,"column":2},"end":{"line":18,"column":3}},"type":"switch","locations":[{"start":{"line":7,"column":4},"end":{"line":9,"column":5}},{"start":{"line":10,"column":4},"end":{"line":12,"column":5}},{"start":{"line":13,"column":4},"end":{"line":15,"column":5}},{"start":{"line":16,"column":4},"end":{"line":17,"column":77}}],"line":6}},"s":{"0":1,"1":0,"2":0,"3":0,"4":0,"5":0},"f":{"0":0},"b":{"0":[0,0,0,0]},"_coverageSchema":"1a1c01bbd47fc00a2c39e90264f33305004495a9","hash":"4af414659f3b5e191849336cd42c51d39320a18c"}
,"C:\\Users\\nikit\\OneDrive\\Рабочий стол\\code\\front2\\frontend-project-lvl2\\src\\formatters\\json.js": {"path":"C:\\Users\\nikit\\OneDrive\\Рабочий стол\\code\\front2\\frontend-project-lvl2\\src\\formatters\\json.js","statementMap":{"0":{"start":{"line":1,"column":13},"end":{"line":1,"column":91}},"1":{"start":{"line":1,"column":40},"end":{"line":1,"column":91}}},"fnMap":{"0":{"name":"(anonymous_0)","decl":{"start":{"line":1,"column":13},"end":{"line":1,"column":14}},"loc":{"start":{"line":1,"column":40},"end":{"line":1,"column":91}},"line":1}},"branchMap":{"0":{"loc":{"start":{"line":1,"column":20},"end":{"line":1,"column":35}},"type":"default-arg","locations":[{"start":{"line":1,"column":34},"end":{"line":1,"column":35}}],"line":1}},"s":{"0":1,"1":0},"f":{"0":0},"b":{"0":[0]},"_coverageSchema":"1a1c01bbd47fc00a2c39e90264f33305004495a9","hash":"3650426bc684d75506db1be7b699411cece99312"}
,"C:\\Users\\nikit\\OneDrive\\Рабочий стол\\code\\front2\\frontend-project-lvl2\\src\\formatters\\plain.js": {"path":"C:\\Users\\nikit\\OneDrive\\Рабочий стол\\code\\front2\\frontend-project-lvl2\\src\\formatters\\plain.js","statementMap":{"0":{"start":{"line":1,"column":18},"end":{"line":7,"column":1}},"1":{"start":{"line":2,"column":2},"end":{"line":4,"column":3}},"2":{"start":{"line":3,"column":4},"end":{"line":3,"column":29}},"3":{"start":{"line":6,"column":2},"end":{"line":6,"column":60}},"4":{"start":{"line":9,"column":14},"end":{"line":45,"column":1}},"5":{"start":{"line":10,"column":15},"end":{"line":42,"column":3}},"6":{"start":{"line":18,"column":8},"end":{"line":18,"column":12}},"7":{"start":{"line":20,"column":4},"end":{"line":41,"column":5}},"8":{"start":{"line":22,"column":8},"end":{"line":22,"column":66}},"9":{"start":{"line":22,"column":39},"end":{"line":22,"column":55}},"10":{"start":{"line":25,"column":8},"end":{"line":25,"column":78}},"11":{"start":{"line":25,"column":39},"end":{"line":25,"column":67}},"12":{"start":{"line":28,"column":8},"end":{"line":28,"column":55}},"13":{"start":{"line":31,"column":8},"end":{"line":31,"column":85}},"14":{"start":{"line":34,"column":8},"end":{"line":34,"column":106}},"15":{"start":{"line":37,"column":8},"end":{"line":37,"column":18}},"16":{"start":{"line":40,"column":8},"end":{"line":40,"column":20}},"17":{"start":{"line":44,"column":2},"end":{"line":44,"column":71}}},"fnMap":{"0":{"name":"(anonymous_0)","decl":{"start":{"line":1,"column":18},"end":{"line":1,"column":19}},"loc":{"start":{"line":1,"column":29},"end":{"line":7,"column":1}},"line":1},"1":{"name":"(anonymous_1)","decl":{"start":{"line":9,"column":14},"end":{"line":9,"column":15}},"loc":{"start":{"line":9,"column":25},"end":{"line":45,"column":1}},"line":9},"2":{"name":"(anonymous_2)","decl":{"start":{"line":10,"column":15},"end":{"line":10,"column":16}},"loc":{"start":{"line":10,"column":35},"end":{"line":42,"column":3}},"line":10},"3":{"name":"(anonymous_3)","decl":{"start":{"line":22,"column":28},"end":{"line":22,"column":29}},"loc":{"start":{"line":22,"column":39},"end":{"line":22,"column":55}},"line":22},"4":{"name":"(anonymous_4)","decl":{"start":{"line":25,"column":28},"end":{"line":25,"column":29}},"loc":{"start":{"line":25,"column":39},"end":{"line":25,"column":67}},"line":25}},"branchMap":{"0":{"loc":{"start":{"line":2,"column":2},"end":{"line":4,"column":3}},"type":"if","locations":[{"start":{"line":2,"column":2},"end":{"line":4,"column":3}},{"start":{},"end":{}}],"line":2},"1":{"loc":{"start":{"line":6,"column":9},"end":{"line":6,"column":59}},"type":"cond-expr","locations":[{"start":{"line":6,"column":39},"end":{"line":6,"column":51}},{"start":{"line":6,"column":54},"end":{"line":6,"column":59}}],"line":6},"2":{"loc":{"start":{"line":10,"column":22},"end":{"line":10,"column":30}},"type":"default-arg","locations":[{"start":{"line":10,"column":28},"end":{"line":10,"column":30}}],"line":10},"3":{"loc":{"start":{"line":20,"column":4},"end":{"line":41,"column":5}},"type":"switch","locations":[{"start":{"line":21,"column":6},"end":{"line":23,"column":7}},{"start":{"line":24,"column":6},"end":{"line":26,"column":7}},{"start":{"line":27,"column":6},"end":{"line":29,"column":7}},{"start":{"line":30,"column":6},"end":{"line":32,"column":7}},{"start":{"line":33,"column":6},"end":{"line":35,"column":7}},{"start":{"line":36,"column":6},"end":{"line":38,"column":7}},{"start":{"line":39,"column":6},"end":{"line":40,"column":20}}],"line":20}},"s":{"0":1,"1":0,"2":0,"3":0,"4":1,"5":0,"6":0,"7":0,"8":0,"9":0,"10":0,"11":0,"12":0,"13":0,"14":0,"15":0,"16":0,"17":0},"f":{"0":0,"1":0,"2":0,"3":0,"4":0},"b":{"0":[0,0],"1":[0,0],"2":[0],"3":[0,0,0,0,0,0,0]},"_coverageSchema":"1a1c01bbd47fc00a2c39e90264f33305004495a9","hash":"f787e3fff4c2237fa71e9b90dcd5159cb2053e9b"}
,"C:\\Users\\nikit\\OneDrive\\Рабочий стол\\code\\front2\\frontend-project-lvl2\\src\\formatters\\stylish.js": {"path":"C:\\Users\\nikit\\OneDrive\\Рабочий стол\\code\\front2\\frontend-project-lvl2\\src\\formatters\\stylish.js","statementMap":{"0":{"start":{"line":1,"column":15},"end":{"line":1,"column":105}},"1":{"start":{"line":1,"column":59},"end":{"line":1,"column":105}},"2":{"start":{"line":3,"column":18},"end":{"line":16,"column":1}},"3":{"start":{"line":4,"column":2},"end":{"line":6,"column":3}},"4":{"start":{"line":5,"column":4},"end":{"line":5,"column":25}},"5":{"start":{"line":8,"column":15},"end":{"line":8,"column":33}},"6":{"start":{"line":9,"column":17},"end":{"line":13,"column":4}},"7":{"start":{"line":10,"column":17},"end":{"line":10,"column":27}},"8":{"start":{"line":12,"column":4},"end":{"line":12,"column":73}},"9":{"start":{"line":15,"column":2},"end":{"line":15,"column":56}},"10":{"start":{"line":18,"column":16},"end":{"line":56,"column":1}},"11":{"start":{"line":19,"column":15},"end":{"line":53,"column":3}},"12":{"start":{"line":27,"column":8},"end":{"line":27,"column":12}},"13":{"start":{"line":29,"column":4},"end":{"line":52,"column":5}},"14":{"start":{"line":31,"column":8},"end":{"line":31,"column":77}},"15":{"start":{"line":31,"column":42},"end":{"line":31,"column":64}},"16":{"start":{"line":34,"column":8},"end":{"line":34,"column":127}},"17":{"start":{"line":34,"column":71},"end":{"line":34,"column":93}},"18":{"start":{"line":37,"column":8},"end":{"line":37,"column":72}},"19":{"start":{"line":40,"column":8},"end":{"line":40,"column":72}},"20":{"start":{"line":43,"column":24},"end":{"line":43,"column":81}},"21":{"start":{"line":44,"column":22},"end":{"line":44,"column":79}},"22":{"start":{"line":45,"column":8},"end":{"line":45,"column":36}},"23":{"start":{"line":48,"column":8},"end":{"line":48,"column":72}},"24":{"start":{"line":51,"column":8},"end":{"line":51,"column":20}},"25":{"start":{"line":55,"column":2},"end":{"line":55,"column":30}}},"fnMap":{"0":{"name":"(anonymous_0)","decl":{"start":{"line":1,"column":15},"end":{"line":1,"column":16}},"loc":{"start":{"line":1,"column":59},"end":{"line":1,"column":105}},"line":1},"1":{"name":"(anonymous_1)","decl":{"start":{"line":3,"column":18},"end":{"line":3,"column":19}},"loc":{"start":{"line":3,"column":40},"end":{"line":16,"column":1}},"line":3},"2":{"name":"(anonymous_2)","decl":{"start":{"line":9,"column":26},"end":{"line":9,"column":27}},"loc":{"start":{"line":9,"column":35},"end":{"line":13,"column":3}},"line":9},"3":{"name":"(anonymous_3)","decl":{"start":{"line":18,"column":16},"end":{"line":18,"column":17}},"loc":{"start":{"line":18,"column":27},"end":{"line":56,"column":1}},"line":18},"4":{"name":"(anonymous_4)","decl":{"start":{"line":19,"column":15},"end":{"line":19,"column":16}},"loc":{"start":{"line":19,"column":36},"end":{"line":53,"column":3}},"line":19},"5":{"name":"(anonymous_5)","decl":{"start":{"line":31,"column":31},"end":{"line":31,"column":32}},"loc":{"start":{"line":31,"column":42},"end":{"line":31,"column":64}},"line":31},"6":{"name":"(anonymous_6)","decl":{"start":{"line":34,"column":60},"end":{"line":34,"column":61}},"loc":{"start":{"line":34,"column":71},"end":{"line":34,"column":93}},"line":34}},"branchMap":{"0":{"loc":{"start":{"line":1,"column":23},"end":{"line":1,"column":37}},"type":"default-arg","locations":[{"start":{"line":1,"column":34},"end":{"line":1,"column":37}}],"line":1},"1":{"loc":{"start":{"line":1,"column":39},"end":{"line":1,"column":54}},"type":"default-arg","locations":[{"start":{"line":1,"column":53},"end":{"line":1,"column":54}}],"line":1},"2":{"loc":{"start":{"line":3,"column":26},"end":{"line":3,"column":35}},"type":"default-arg","locations":[{"start":{"line":3,"column":34},"end":{"line":3,"column":35}}],"line":3},"3":{"loc":{"start":{"line":4,"column":2},"end":{"line":6,"column":3}},"type":"if","locations":[{"start":{"line":4,"column":2},"end":{"line":6,"column":3}},{"start":{},"end":{}}],"line":4},"4":{"loc":{"start":{"line":19,"column":22},"end":{"line":19,"column":31}},"type":"default-arg","locations":[{"start":{"line":19,"column":30},"end":{"line":19,"column":31}}],"line":19},"5":{"loc":{"start":{"line":29,"column":4},"end":{"line":52,"column":5}},"type":"switch","locations":[{"start":{"line":30,"column":6},"end":{"line":32,"column":7}},{"start":{"line":33,"column":6},"end":{"line":35,"column":7}},{"start":{"line":36,"column":6},"end":{"line":38,"column":7}},{"start":{"line":39,"column":6},"end":{"line":41,"column":7}},{"start":{"line":42,"column":6},"end":{"line":46,"column":7}},{"start":{"line":47,"column":6},"end":{"line":49,"column":7}},{"start":{"line":50,"column":6},"end":{"line":51,"column":20}}],"line":29}},"s":{"0":1,"1":0,"2":1,"3":0,"4":0,"5":0,"6":0,"7":0,"8":0,"9":0,"10":1,"11":0,"12":0,"13":0,"14":0,"15":0,"16":0,"17":0,"18":0,"19":0,"20":0,"21":0,"22":0,"23":0,"24":0,"25":0},"f":{"0":0,"1":0,"2":0,"3":0,"4":0,"5":0,"6":0},"b":{"0":[0],"1":[0],"2":[0],"3":[0,0],"4":[0],"5":[0,0,0,0,0,0,0]},"_coverageSchema":"1a1c01bbd47fc00a2c39e90264f33305004495a9","hash":"3a9609cfdc1a6d3ac1a1b0d12accac2dc4be9f0e"}
,"C:\\Users\\nikit\\OneDrive\\Рабочий стол\\code\\front2\\frontend-project-lvl2\\src\\utils\\getFormat.js": {"path":"C:\\Users\\nikit\\OneDrive\\Рабочий стол\\code\\front2\\frontend-project-lvl2\\src\\utils\\getFormat.js","statementMap":{"0":{"start":{"line":1,"column":29},"end":{"line":1,"column":51}}},"fnMap":{"0":{"name":"(anonymous_0)","decl":{"start":{"line":1,"column":15},"end":{"line":1,"column":16}},"loc":{"start":{"line":1,"column":29},"end":{"line":1,"column":51}},"line":1}},"branchMap":{},"s":{"0":0},"f":{"0":0},"b":{},"_coverageSchema":"1a1c01bbd47fc00a2c39e90264f33305004495a9","hash":"9faeda1a1d2e54abccfaa409b5f461c135c03b0e"}
,"C:\\Users\\nikit\\OneDrive\\Рабочий стол\\code\\front2\\frontend-project-lvl2\\src\\utils\\readFile.js": {"path":"C:\\Users\\nikit\\OneDrive\\Рабочий стол\\code\\front2\\frontend-project-lvl2\\src\\utils\\readFile.js","statementMap":{"0":{"start":{"line":4,"column":23},"end":{"line":4,"column":69}},"1":{"start":{"line":4,"column":37},"end":{"line":4,"column":69}},"2":{"start":{"line":5,"column":17},"end":{"line":5,"column":78}},"3":{"start":{"line":5,"column":31},"end":{"line":5,"column":78}}},"fnMap":{"0":{"name":"(anonymous_0)","decl":{"start":{"line":4,"column":23},"end":{"line":4,"column":24}},"loc":{"start":{"line":4,"column":37},"end":{"line":4,"column":69}},"line":4},"1":{"name":"(anonymous_1)","decl":{"start":{"line":5,"column":17},"end":{"line":5,"column":18}},"loc":{"start":{"line":5,"column":31},"end":{"line":5,"column":78}},"line":5}},"branchMap":{},"s":{"0":1,"1":1,"2":1,"3":1},"f":{"0":1,"1":1},"b":{},"_coverageSchema":"1a1c01bbd47fc00a2c39e90264f33305004495a9","hash":"d6594565f8dfeaa13329f44dd32b4d820ca645f4"}
}
